[debug] Running TaskDef(edu.colorado.csci3155.project1.CompilerTest, org.scalatest.tools.Framework$$anon$1@2e5ea594, false, [SuiteSelector])
[debug] Running TaskDef(edu.colorado.csci3155.project1.StackMachineTest, org.scalatest.tools.Framework$$anon$1@2e5ea594, false, [SuiteSelector])
[info] Run completed in 363 milliseconds.
[info] Total number of tests run: 13
[info] Suites: completed 2, aborted 0
[info] Tests: succeeded 4, failed 9, canceled 0, ignored 0, pending 0
[info] *** 9 TESTS FAILED ***
[error] Failed tests:
[error] 	edu.colorado.csci3155.project1.CompilerTest
[error] 	edu.colorado.csci3155.project1.StackMachineTest
[error] (Test / test) sbt.TestsFailedException: Tests unsuccessful
